Arguments: 
  /home/victor/.nvm/versions/node/v20.1.0/bin/node /home/victor/.nvm/versions/node/v20.1.0/bin/yarn add @react-native-async-storage/async-storage @react-navigation/native @react-navigation/stack react-native-safe-area-context react-native-screens react-native-gesture-handler react-native-reanimated

PATH: 
  /home/victor/.sdkman/candidates/java/current/bin:/home/victor/.nvm/versions/node/v20.1.0/bin:/usr/local/sbin:/usr/local/bin:/usr/sbin:/usr/bin:/sbin:/bin:/usr/games:/usr/local/games:/snap/bin:/snap/bin:/home/victor/Android/Sdk

Yarn version: 
  1.22.19

Node version: 
  20.1.0

Platform: 
  linux x64

Trace: 
  AggregateError
      at internalConnectMultiple (node:net:1103:18)
      at internalConnectMultiple (node:net:1161:5)
      at internalConnectMultiple (node:net:1161:5)
      at internalConnectMultiple (node:net:1161:5)
      at internalConnectMultiple (node:net:1161:5)
      at internalConnectMultiple (node:net:1161:5)
      at internalConnectMultiple (node:net:1161:5)
      at internalConnectMultiple (node:net:1161:5)
      at internalConnectMultiple (node:net:1161:5)

npm manifest: 
  {
    "name": "my-food",
    "main": "expo-router/entry",
    "version": "1.0.0",
    "scripts": {
      "start": "expo start",
      "reset-project": "node ./scripts/reset-project.js",
      "android": "expo start --android",
      "ios": "expo start --ios",
      "web": "expo start --web",
      "test": "jest --watchAll",
      "lint": "expo lint"
    },
    "jest": {
      "preset": "jest-expo"
    },
    "dependencies": {
      "@expo/vector-icons": "^14.0.0",
      "@react-navigation/native": "^6.0.2",
      "expo": "~51.0.14",
      "expo-constants": "~16.0.2",
      "expo-font": "~12.0.7",
      "expo-linking": "~6.3.1",
      "expo-router": "~3.5.16",
      "expo-splash-screen": "~0.27.5",
      "expo-status-bar": "~1.12.1",
      "expo-system-ui": "~3.0.6",
      "expo-web-browser": "~13.0.3",
      "react": "18.2.0",
      "react-dom": "18.2.0",
      "react-native": "0.74.2",
      "react-native-gesture-handler": "~2.16.1",
      "react-native-reanimated": "~3.10.1",
      "react-native-safe-area-context": "4.10.1",
      "react-native-screens": "3.31.1",
      "react-native-web": "~0.19.10"
    },
    "devDependencies": {
      "@babel/core": "^7.20.0",
      "@types/jest": "^29.5.12",
      "@types/react": "~18.2.45",
      "@types/react-test-renderer": "^18.0.7",
      "jest": "^29.2.1",
      "jest-expo": "~51.0.1",
      "react-test-renderer": "18.2.0",
      "typescript": "~5.3.3"
    },
    "private": true
  }

yarn manifest: 
  No manifest

Lockfile: 
  No lockfile
